<?xml version="1.0" encoding="UTF-8"?>
<!-- Generated by org.testng.reporters.JUnitReportReporter -->
<testsuite hostname="WIN-636K57TP07O" name="lab_4.FillTheFormTest" tests="7" failures="0" timestamp="12 May 2018 15:42:51 GMT" time="3.627" errors="0">
  <testcase name="enterFirstNameAndLastName" time="0.086" classname="lab_4.FillTheFormTest"/>
  <testcase name="setBirthDate" time="1.138" classname="lab_4.FillTheFormTest"/>
  <testcase name="choosePicture" time="0.114" classname="lab_4.FillTheFormTest"/>
  <testcase name="chooseMartialStatus" time="0.263" classname="lab_4.FillTheFormTest"/>
  <testcase name="chooseCountry" time="0.757" classname="lab_4.FillTheFormTest"/>
  <testcase name="chooseHobby" time="0.771" classname="lab_4.FillTheFormTest"/>
  <testcase name="fillOtherFields" time="0.498" classname="lab_4.FillTheFormTest"/>
</testsuite> <!-- lab_4.FillTheFormTest -->
