<?xml version="1.0" encoding="UTF-8"?>
<!-- Generated by org.testng.reporters.JUnitReportReporter -->
<testsuite hostname="WIN-636K57TP07O" name="lab_4.FillWithDataProvider" tests="3" failures="0" timestamp="12 May 2018 17:42:10 GMT" time="20.721" errors="0">
  <testcase name="fillInputFields" time="7.194" classname="lab_4.FillWithDataProvider"/>
  <testcase name="fillInputFields" time="6.816" classname="lab_4.FillWithDataProvider"/>
  <testcase name="fillInputFields" time="6.711" classname="lab_4.FillWithDataProvider"/>
</testsuite> <!-- lab_4.FillWithDataProvider -->
